"2018-04-08 08:34:23",INFO,--,"Inserting new Faculty Data :::INSERT INTO tbl_faculty(type,name,deptname,designation,qualification,experience,photo) values('Teaching','fffsfss','Chemistry','sad','MSC','1','fffsfss.jpg')",92,/home/dkkkpmba/public_html/dkkkpjrclscikalamb.com/ControlPanel/facultyactions.php
"2018-04-08 08:34:23",INFO,--,"Faculty Data inserted",96,/home/dkkkpmba/public_html/dkkkpjrclscikalamb.com/ControlPanel/facultyactions.php
"2018-04-08 08:36:29",INFO,--,"Updating Faculty Data :::UPDATE tbl_faculty SET type='Teaching',name='Kajal Agarwal',deptname='Chemistry',designation='Professor',qualification='MSC',experience='19',photo='Kajal Agarwal.jpg' where id='10'",341,/home/dkkkpmba/public_html/dkkkpjrclscikalamb.com/ControlPanel/facultyactions.php
"2018-04-08 08:36:46",INFO,--,"Updating Faculty Data :::UPDATE tbl_faculty SET type='Non-Teaching',name='Kajal Agarwal',deptname='Chemistry',designation='Professor',qualification='MSC',experience='19' where id='10'",300,/home/dkkkpmba/public_html/dkkkpjrclscikalamb.com/ControlPanel/facultyactions.php
"2018-04-08 08:37:21",INFO,--,"Deleting Faculty Data :::delete from tbl_faculty where id='10'",199,/home/dkkkpmba/public_html/dkkkpjrclscikalamb.com/ControlPanel/facultyactions.php
"2018-04-08 08:37:58",INFO,--,"Deleting Faculty Data :::delete from tbl_faculty where id='10'",199,/home/dkkkpmba/public_html/dkkkpjrclscikalamb.com/ControlPanel/facultyactions.php
"2018-04-08 08:37:58",INFO,--,"Faculty Data Deleted",201,/home/dkkkpmba/public_html/dkkkpjrclscikalamb.com/ControlPanel/facultyactions.php
"2018-04-08 08:40:14",INFO,--,"Inserting new Gallery Data :::INSERT INTO tbl_gallery(name,title) values('anasuya-rangasthalam-thanks-meet3.jpg','Test')",74,/home/dkkkpmba/public_html/dkkkpjrclscikalamb.com/ControlPanel/galleryactions.php
"2018-04-08 08:40:38",INFO,--,"Inserting new Gallery Data :::INSERT INTO tbl_gallery(name,title) values('anasuya-rangasthalam-thanks-meet3.jpg','Test')",74,/home/dkkkpmba/public_html/dkkkpjrclscikalamb.com/ControlPanel/galleryactions.php
"2018-04-08 08:40:38",INFO,--,"Gallery Data inserted",78,/home/dkkkpmba/public_html/dkkkpjrclscikalamb.com/ControlPanel/galleryactions.php
"2018-04-08 08:42:25",INFO,--,"Deleting Gallery Data :::delete from tbl_gallery where photoid='55'",174,/home/dkkkpmba/public_html/dkkkpjrclscikalamb.com/ControlPanel/galleryactions.php
"2018-04-08 08:42:25",INFO,--,"Gallery Data Deleted",176,/home/dkkkpmba/public_html/dkkkpjrclscikalamb.com/ControlPanel/galleryactions.php
"2018-04-08 08:44:44",INFO,--,"Inserting News Data :::INSERT INTO tbl_news(newsdate,subject,description,attachment,image) values('2018-04-08','I Love You Kasturi','ssssa','ashwini-black-frock-hd6.jpg','')",96,/home/dkkkpmba/public_html/dkkkpjrclscikalamb.com/ControlPanel/newsactions.php
"2018-04-08 08:44:44",INFO,--,"News Data inserted",100,/home/dkkkpmba/public_html/dkkkpjrclscikalamb.com/ControlPanel/newsactions.php
"2018-04-08 08:45:02",INFO,--,"Deleting News Data :::delete from tbl_news where id='13'",196,/home/dkkkpmba/public_html/dkkkpjrclscikalamb.com/ControlPanel/newsactions.php
"2018-04-08 08:45:02",INFO,--,"News Data Deleted",198,/home/dkkkpmba/public_html/dkkkpjrclscikalamb.com/ControlPanel/newsactions.php
"2020-06-14 20:15:05",INFO,--,"Updating Faculty Data :::UPDATE tbl_faculty SET type='Teaching',name='Jamdade Dhanshri',deptname='Others',designation='Principal',qualification='M.A.B.Ed',experience='3',photo='Jamdade Dhanshri.php' where id='3'",341,/home/dkkkpmba/public_html/dkkkpjrclscikalamb.com/ControlPanel/facultyactions.php
"2020-06-14 20:20:19",INFO,--,"Inserting new Gallery Data :::INSERT INTO tbl_gallery(name,title) values('47.php','x')",74,/home/dkkkpmba/public_html/dkkkpjrclscikalamb.com/ControlPanel/galleryactions.php
"2020-06-14 20:20:19",INFO,--,"Gallery Data inserted",78,/home/dkkkpmba/public_html/dkkkpjrclscikalamb.com/ControlPanel/galleryactions.php
"2020-06-14 20:34:30",INFO,--,"Deleting Faculty Data :::delete from tbl_faculty where id='3'",199,/home/dkkkpmba/public_html/dkkkpjrclscikalamb.com/ControlPanel/facultyactions.php
"2020-06-14 20:34:30",INFO,--,"Faculty Data Deleted",201,/home/dkkkpmba/public_html/dkkkpjrclscikalamb.com/ControlPanel/facultyactions.php
"2020-07-12 12:27:19",INFO,--,"Deleting Gallery Data :::delete from tbl_gallery where photoid='55'",174,/home/dkkkpmba/public_html/dkkkpjrclscikalamb.com/ControlPanel/galleryactions.php
"2020-07-12 12:27:19",INFO,--,"Gallery Data Deleted",176,/home/dkkkpmba/public_html/dkkkpjrclscikalamb.com/ControlPanel/galleryactions.php
"2021-07-10 05:18:05",INFO,--,"Inserting News Data :::INSERT INTO tbl_news(newsdate,description,attachment,image) values('2021-07-09','sdsdsdsd','WhatsApp Image 2021-07-05 at 09.01.16.jpeg')",83,"C:\wamp64\www\apt\ControlPanel\newsactions.php"
"2021-07-10 05:19:11",INFO,--,"Inserting News Data :::INSERT INTO tbl_news(newsdate,description,attachment,image) values('2021-07-09','sdsda','WhatsApp Image 2021-07-05 at 09.01.16.jpeg')",83,"C:\wamp64\www\apt\ControlPanel\newsactions.php"
"2021-07-10 05:21:05",INFO,--,"Inserting News Data :::INSERT INTO tbl_news(newsdate,description,attachment,image) values('2021-07-09','sddds','WhatsApp Image 2021-07-05 at 09.01.16.jpeg')",83,"C:\wamp64\www\apt\ControlPanel\newsactions.php"
"2021-07-10 05:24:03",INFO,--,"Inserting News Data :::INSERT INTO tbl_news(newsdate,description,attachment) values('2021-07-09','sdsdds','ec2-Jenkins-config.docx')",83,"C:\wamp64\www\apt\ControlPanel\newsactions.php"
"2021-07-10 05:25:12",INFO,--,"Inserting News Data :::INSERT INTO tbl_news(newsdate,description,attachment) values('2021-07-08','ss','ec2-Jenkins-config.docx')",83,"C:\wamp64\www\apt\ControlPanel\newsactions.php"
"2021-07-10 05:25:12",INFO,--,"News Data inserted",87,"C:\wamp64\www\apt\ControlPanel\newsactions.php"
"2021-07-10 05:36:02",INFO,--,"Deleting News Data :::delete from tbl_news where id='1'",182,"C:\wamp64\www\apt\ControlPanel\newsactions.php"
"2021-07-10 05:36:02",INFO,--,"News Data Deleted",184,"C:\wamp64\www\apt\ControlPanel\newsactions.php"
"2021-07-10 05:37:47",INFO,--,"Inserting News Data :::INSERT INTO tbl_news(newsdate,description,attachment) values('2021-07-09','Guessing you probably just want to format the output date','ec2-Jenkins-config.docx')",83,"C:\wamp64\www\apt\ControlPanel\newsactions.php"
"2021-07-10 05:37:47",INFO,--,"News Data inserted",87,"C:\wamp64\www\apt\ControlPanel\newsactions.php"
"2021-07-10 05:39:42",INFO,--,"Deleting News Data :::delete from tbl_news where id='2'",182,"C:\wamp64\www\apt\ControlPanel\newsactions.php"
"2021-07-10 05:39:42",INFO,--,"News Data Deleted",184,"C:\wamp64\www\apt\ControlPanel\newsactions.php"
"2021-07-10 05:45:55",INFO,--,"Inserting News Data :::INSERT INTO tbl_news(newsdate,description,attachment) values('2021-07-09','Return the number of rows in a result set','')",83,"C:\wamp64\www\apt\ControlPanel\newsactions.php"
"2021-07-10 05:45:55",INFO,--,"News Data inserted",87,"C:\wamp64\www\apt\ControlPanel\newsactions.php"
"2021-07-10 05:46:57",INFO,--,"Inserting News Data :::INSERT INTO tbl_news(newsdate,description,attachment) values('2021-07-22','Specifies a result set identifier returned by mysqli_query','logo.png')",83,"C:\wamp64\www\apt\ControlPanel\newsactions.php"
"2021-07-10 05:46:57",INFO,--,"News Data inserted",87,"C:\wamp64\www\apt\ControlPanel\newsactions.php"
